#
# A fatal error has been detected by the Java Runtime Environment:
#
#  EXCEPTION_ACCESS_VIOLATION (0xc0000005) at pc=0x511d183a, pid=19232, tid=0x00004c84
#
# JRE version: Java(TM) SE Runtime Environment (8.0_191-b12) (build 1.8.0_191-b12)
# Java VM: Java HotSpot(TM) Client VM (25.191-b12 mixed mode windows-x86 )
# Problematic frame:
# V  [jvm.dll+0xc183a]
#
# Failed to write core dump. Minidumps are not enabled by default on client versions of Windows
#
# If you would like to submit a bug report, please visit:
#   http://bugreport.java.com/bugreport/crash.jsp
#

---------------  T H R E A D  ---------------

Current thread (0x25c61800):  VMThread [stack: 0x057a0000,0x057f0000] [id=19588]

siginfo: ExceptionCode=0xc0000005, reading address 0x00000040

Registers:
EAX=0x00000003, EBX=0x10c227b4, ECX=0x25911060, EDX=0x26e00a98
ESP=0x057ef440, EBP=0x057ef460, ESI=0x10c227c0, EDI=0x00000040
EIP=0x511d183a, EFLAGS=0x00010202

Top of Stack: (sp=0x057ef440)
0x057ef440:   25cb6c00 00000000 5147f87c 25911068
0x057ef450:   10c227c0 00000003 00000000 25911060
0x057ef460:   057ef480 512c85c1 10c227a0 25cb6c00
0x057ef470:   5147f87c 00000000 ffffffeb 5147f87c
0x057ef480:   057ef48c 512c87bc 25cb6c04 057ef674
0x057ef490:   5128c3a3 25cb6c04 00000001 25cb6c00
0x057ef4a0:   00000000 00000000 057ef6f8 057ef4c8
0x057ef4b0:   00000015 00000020 513eb3c4 057ef6ec 

Instructions: (pc=0x511d183a)
0x511d181a:   04 8d 34 93 89 75 f0 3b de 0f 83 3a 01 00 00 8d
0x511d182a:   a4 24 00 00 00 00 8b 3b 85 ff 0f 84 1b 01 00 00
0x511d183a:   8b 07 83 e0 03 3c 03 0f 84 0e 01 00 00 80 3d 74
0x511d184a:   5f 4a 51 00 74 09 57 e8 6a 81 1a 00 83 c4 04 8b 


Register to memory mapping:

EAX=0x00000003 is an unknown value
EBX=0x10c227b4 is pointing into object: 0x10c227a0
java.util.LinkedHashMap$Entry 
 - klass: 'java/util/LinkedHashMap$Entry'
ECX=0x25911060 is pointing into metadata
EDX=0x26e00a98 is an unknown value
ESP=0x057ef440 is an unknown value
EBP=0x057ef460 is an unknown value
ESI=0x10c227c0 is an oop
java.util.LinkedHashMap$Entry 
 - klass: 'java/util/LinkedHashMap$Entry'
EDI=0x00000040 is an unknown value


Stack: [0x057a0000,0x057f0000],  sp=0x057ef440,  free space=317k
Native frames: (J=compiled Java code, j=interpreted, Vv=VM code, C=native code)
V  [jvm.dll+0xc183a]
V  [jvm.dll+0x1b85c1]
V  [jvm.dll+0x1b87bc]
V  [jvm.dll+0x17c3a3]
V  [jvm.dll+0x17aeca]
V  [jvm.dll+0x99970]
V  [jvm.dll+0x9ac61]
V  [jvm.dll+0x9ca50]
V  [jvm.dll+0x9ceb9]
V  [jvm.dll+0x9bc4f]
V  [jvm.dll+0xa8042]
V  [jvm.dll+0x9a833]
V  [jvm.dll+0x9ad5e]
V  [jvm.dll+0x9aef1]
V  [jvm.dll+0x79370]
V  [jvm.dll+0x1bbd6d]
V  [jvm.dll+0x184e0b]
V  [jvm.dll+0x184221]
V  [jvm.dll+0x184637]
V  [jvm.dll+0x184832]
V  [jvm.dll+0x1c57a6]
C  [msvcr100.dll+0x5c556]
C  [msvcr100.dll+0x5c600]
C  [KERNEL32.DLL+0x1fa29]
C  [ntdll.dll+0x67a7e]
C  [ntdll.dll+0x67a4e]

VM_Operation (0x0309c890): CollectForMetadataAllocation, mode: safepoint, requested by thread 0x030a2000


---------------  P R O C E S S  ---------------

Java Threads: ( => current thread )
  0x25cb6c00 JavaThread "Service Thread" daemon [_thread_blocked, id=24832, stack(0x26270000,0x262c0000)]
  0x25c96000 JavaThread "C1 CompilerThread0" daemon [_thread_blocked, id=22380, stack(0x261e0000,0x26230000)]
  0x25c95000 JavaThread "Attach Listener" daemon [_thread_blocked, id=6740, stack(0x26150000,0x261a0000)]
  0x25c92c00 JavaThread "Signal Dispatcher" daemon [_thread_blocked, id=15232, stack(0x260c0000,0x26110000)]
  0x25c7e400 JavaThread "Finalizer" daemon [_thread_blocked, id=10668, stack(0x25f30000,0x25f80000)]
  0x25c78400 JavaThread "Reference Handler" daemon [_thread_blocked, id=5276, stack(0x25ea0000,0x25ef0000)]
  0x030a2000 JavaThread "main" [_thread_blocked, id=21616, stack(0x03050000,0x030a0000)]

Other Threads:
=>0x25c61800 VMThread [stack: 0x057a0000,0x057f0000] [id=19588]
  0x25cc9c00 WatcherThread [stack: 0x26300000,0x26350000] [id=11356]

VM state:at safepoint (normal execution)

VM Mutex/Monitor currently owned by a thread:  ([mutex/lock_event])
[0x030a07c8] Threads_lock - owner thread: 0x25c61800
[0x030a0d10] Heap_lock - owner thread: 0x030a2000

Heap:
 def new generation   total 39296K, used 5059K [0x05800000, 0x082a0000, 0x102a0000)
  eden space 34944K,   2% used [0x05800000, 0x058b0fc8, 0x07a20000)
  from space 4352K, 100% used [0x07a20000, 0x07e60000, 0x07e60000)
  to   space 4352K,   0% used [0x07e60000, 0x07e60000, 0x082a0000)
 tenured generation   total 87424K, used 53520K [0x102a0000, 0x15800000, 0x25800000)
   the space 87424K,  61% used [0x102a0000, 0x136e4350, 0x136e4400, 0x15800000)
 Metaspace       used 12070K, capacity 12265K, committed 12288K, reserved 12672K

Card table byte_map: [0x05690000,0x057a0000] byte_map_base: 0x05664000

Polling page: 0x01730000

CodeCache: size=32768Kb used=1818Kb max_used=1818Kb free=30949Kb
 bounds [0x03690000, 0x03858000, 0x05690000]
 total_blobs=1053 nmethods=866 adapters=117
 compilation: enabled

Compilation events (10 events):
Event: 3.279 Thread 0x25c96000  880             java.net.URL::toString (5 bytes)
Event: 3.279 Thread 0x25c96000 nmethod 880 0x03854308 code [0x03854410, 0x038544ac]
Event: 3.279 Thread 0x25c96000  881             java.net.URL::toExternalForm (9 bytes)
Event: 3.279 Thread 0x25c96000 nmethod 881 0x03854548 code [0x03854650, 0x038546ec]
Event: 3.279 Thread 0x25c96000  882             java.net.URLStreamHandler::toExternalForm (219 bytes)
Event: 3.280 Thread 0x25c96000 nmethod 882 0x03854788 code [0x03854970, 0x03855c84]
Event: 3.280 Thread 0x25c96000  883             java.security.CodeSource::matchCerts (254 bytes)
Event: 3.280 Thread 0x25c96000 nmethod 883 0x03856748 code [0x038568a0, 0x03856c28]
Event: 3.283 Thread 0x25c96000  884             sun.misc.URLClassPath$JarLoader::access$600 (5 bytes)
Event: 3.283 Thread 0x25c96000 nmethod 884 0x03857088 code [0x03857180, 0x038571f0]

GC Heap History (9 events):
Event: 0.523 GC heap before
{Heap before GC invocations=0 (full 0):
 def new generation   total 39296K, used 34944K [0x05800000, 0x082a0000, 0x102a0000)
  eden space 34944K, 100% used [0x05800000, 0x07a20000, 0x07a20000)
  from space 4352K,   0% used [0x07a20000, 0x07a20000, 0x07e60000)
  to   space 4352K,   0% used [0x07e60000, 0x07e60000, 0x082a0000)
 tenured generation   total 87424K, used 0K [0x102a0000, 0x15800000, 0x25800000)
   the space 87424K,   0% used [0x102a0000, 0x102a0000, 0x102a0200, 0x15800000)
 Metaspace       used 8299K, capacity 8445K, committed 8448K, reserved 8576K
Event: 0.531 GC heap after
Heap after GC invocations=1 (full 0):
 def new generation   total 39296K, used 4352K [0x05800000, 0x082a0000, 0x102a0000)
  eden space 34944K,   0% used [0x05800000, 0x05800000, 0x07a20000)
  from space 4352K, 100% used [0x07e60000, 0x082a0000, 0x082a0000)
  to   space 4352K,   0% used [0x07a20000, 0x07a20000, 0x07e60000)
 tenured generation   total 87424K, used 2113K [0x102a0000, 0x15800000, 0x25800000)
   the space 87424K,   2% used [0x102a0000, 0x104b0770, 0x104b0800, 0x15800000)
 Metaspace       used 8299K, capacity 8445K, committed 8448K, reserved 8576K
}
Event: 0.745 GC heap before
{Heap before GC invocations=1 (full 0):
 def new generation   total 39296K, used 39296K [0x05800000, 0x082a0000, 0x102a0000)
  eden space 34944K, 100% used [0x05800000, 0x07a20000, 0x07a20000)
  from space 4352K, 100% used [0x07e60000, 0x082a0000, 0x082a0000)
  to   space 4352K,   0% used [0x07a20000, 0x07a20000, 0x07e60000)
 tenured generation   total 87424K, used 2113K [0x102a0000, 0x15800000, 0x25800000)
   the space 87424K,   2% used [0x102a0000, 0x104b0770, 0x104b0800, 0x15800000)
 Metaspace       used 9004K, capacity 9236K, committed 9344K, reserved 9600K
Event: 0.758 GC heap after
Heap after GC invocations=2 (full 0):
 def new generation   total 39296K, used 4352K [0x05800000, 0x082a0000, 0x102a0000)
  eden space 34944K,   0% used [0x05800000, 0x05800000, 0x07a20000)
  from space 4352K, 100% used [0x07a20000, 0x07e60000, 0x07e60000)
  to   space 4352K,   0% used [0x07e60000, 0x07e60000, 0x082a0000)
 tenured generation   total 87424K, used 6402K [0x102a0000, 0x15800000, 0x25800000)
   the space 87424K,   7% used [0x102a0000, 0x108e0a38, 0x108e0c00, 0x15800000)
 Metaspace       used 9004K, capacity 9236K, committed 9344K, reserved 9600K
}
Event: 0.862 GC heap before
{Heap before GC invocations=2 (full 0):
 def new generation   total 39296K, used 39296K [0x05800000, 0x082a0000, 0x102a0000)
  eden space 34944K, 100% used [0x05800000, 0x07a20000, 0x07a20000)
  from space 4352K, 100% used [0x07a20000, 0x07e60000, 0x07e60000)
  to   space 4352K,   0% used [0x07e60000, 0x07e60000, 0x082a0000)
 tenured generation   total 87424K, used 6402K [0x102a0000, 0x15800000, 0x25800000)
   the space 87424K,   7% used [0x102a0000, 0x108e0a38, 0x108e0c00, 0x15800000)
 Metaspace       used 9006K, capacity 9239K, committed 9344K, reserved 9600K
Event: 0.915 GC heap after
Heap after GC invocations=3 (full 0):
 def new generation   total 39296K, used 4351K [0x05800000, 0x082a0000, 0x102a0000)
  eden space 34944K,   0% used [0x05800000, 0x05800000, 0x07a20000)
  from space 4352K,  99% used [0x07e60000, 0x0829fff8, 0x082a0000)
  to   space 4352K,   0% used [0x07a20000, 0x07a20000, 0x07e60000)
 tenured generation   total 87424K, used 39933K [0x102a0000, 0x15800000, 0x25800000)
   the space 87424K,  45% used [0x102a0000, 0x1299f608, 0x1299f800, 0x15800000)
 Metaspace       used 9006K, capacity 9239K, committed 9344K, reserved 9600K
}
Event: 3.284 GC heap before
{Heap before GC invocations=3 (full 0):
 def new generation   total 39296K, used 39295K [0x05800000, 0x082a0000, 0x102a0000)
  eden space 34944K, 100% used [0x05800000, 0x07a20000, 0x07a20000)
  from space 4352K,  99% used [0x07e60000, 0x0829fff8, 0x082a0000)
  to   space 4352K,   0% used [0x07a20000, 0x07a20000, 0x07e60000)
 tenured generation   total 87424K, used 39933K [0x102a0000, 0x15800000, 0x25800000)
   the space 87424K,  45% used [0x102a0000, 0x1299f608, 0x1299f800, 0x15800000)
 Metaspace       used 12060K, capacity 12265K, committed 12288K, reserved 12672K
Event: 3.305 GC heap after
Heap after GC invocations=4 (full 0):
 def new generation   total 39296K, used 4352K [0x05800000, 0x082a0000, 0x102a0000)
  eden space 34944K,   0% used [0x05800000, 0x05800000, 0x07a20000)
  from space 4352K, 100% used [0x07a20000, 0x07e60000, 0x07e60000)
  to   space 4352K,   0% used [0x07e60000, 0x07e60000, 0x082a0000)
 tenured generation   total 87424K, used 53520K [0x102a0000, 0x15800000, 0x25800000)
   the space 87424K,  61% used [0x102a0000, 0x136e4350, 0x136e4400, 0x15800000)
 Metaspace       used 12060K, capacity 12265K, committed 12288K, reserved 12672K
}
Event: 3.306 GC heap before
{Heap before GC invocations=4 (full 0):
 def new generation   total 39296K, used 5059K [0x05800000, 0x082a0000, 0x102a0000)
  eden space 34944K,   2% used [0x05800000, 0x058b0fc8, 0x07a20000)
  from space 4352K, 100% used [0x07a20000, 0x07e60000, 0x07e60000)
  to   space 4352K,   0% used [0x07e60000, 0x07e60000, 0x082a0000)
 tenured generation   total 87424K, used 53520K [0x102a0000, 0x15800000, 0x25800000)
   the space 87424K,  61% used [0x102a0000, 0x136e4350, 0x136e4400, 0x15800000)
 Metaspace       used 12070K, capacity 12265K, committed 12288K, reserved 12672K

Deoptimization events (0 events):
No events

Classes redefined (0 events):
No events

Internal exceptions (10 events):
Event: 0.736 Thread 0x030a2000 Exception <a 'java/lang/ArrayIndexOutOfBoundsException'> (0x0795a398) thrown at [C:\workspace\8-2-build-windows-i586-cygwin\jdk8u191\11896\hotspot\src\share\vm\runtime\sharedRuntime.cpp, line 605]
Event: 0.737 Thread 0x030a2000 Exception <a 'java/lang/ArrayIndexOutOfBoundsException'> (0x07969130) thrown at [C:\workspace\8-2-build-windows-i586-cygwin\jdk8u191\11896\hotspot\src\share\vm\runtime\sharedRuntime.cpp, line 605]
Event: 0.737 Thread 0x030a2000 Exception <a 'java/lang/ArrayIndexOutOfBoundsException'> (0x07969df8) thrown at [C:\workspace\8-2-build-windows-i586-cygwin\jdk8u191\11896\hotspot\src\share\vm\runtime\sharedRuntime.cpp, line 605]
Event: 0.738 Thread 0x030a2000 Exception <a 'java/lang/ArrayIndexOutOfBoundsException'> (0x0796e5a0) thrown at [C:\workspace\8-2-build-windows-i586-cygwin\jdk8u191\11896\hotspot\src\share\vm\runtime\sharedRuntime.cpp, line 605]
Event: 0.738 Thread 0x030a2000 Exception <a 'java/lang/ArrayIndexOutOfBoundsException'> (0x0797d168) thrown at [C:\workspace\8-2-build-windows-i586-cygwin\jdk8u191\11896\hotspot\src\share\vm\runtime\sharedRuntime.cpp, line 605]
Event: 0.738 Thread 0x030a2000 Exception <a 'java/lang/ArrayIndexOutOfBoundsException'> (0x0797ef18) thrown at [C:\workspace\8-2-build-windows-i586-cygwin\jdk8u191\11896\hotspot\src\share\vm\runtime\sharedRuntime.cpp, line 605]
Event: 0.738 Thread 0x030a2000 Exception <a 'java/lang/ArrayIndexOutOfBoundsException'> (0x079802e8) thrown at [C:\workspace\8-2-build-windows-i586-cygwin\jdk8u191\11896\hotspot\src\share\vm\runtime\sharedRuntime.cpp, line 605]
Event: 0.739 Thread 0x030a2000 Exception <a 'java/lang/ArrayIndexOutOfBoundsException'> (0x079812c8) thrown at [C:\workspace\8-2-build-windows-i586-cygwin\jdk8u191\11896\hotspot\src\share\vm\runtime\sharedRuntime.cpp, line 605]
Event: 0.741 Thread 0x030a2000 Exception <a 'java/lang/ArrayIndexOutOfBoundsException'> (0x079af8e0) thrown at [C:\workspace\8-2-build-windows-i586-cygwin\jdk8u191\11896\hotspot\src\share\vm\runtime\sharedRuntime.cpp, line 605]
Event: 0.741 Thread 0x030a2000 Exception <a 'java/lang/ArrayIndexOutOfBoundsException'> (0x079b4df0) thrown at [C:\workspace\8-2-build-windows-i586-cygwin\jdk8u191\11896\hotspot\src\share\vm\runtime\sharedRuntime.cpp, line 605]

Events (10 events):
Event: 3.283 loading class jdk/nashorn/internal/runtime/Context$1 done
Event: 3.283 loading class jdk/nashorn/internal/codegen/Compiler
Event: 3.283 loading class jdk/nashorn/internal/codegen/Compiler done
Event: 3.283 loading class jdk/nashorn/internal/runtime/logging/Loggable
Event: 3.283 loading class jdk/nashorn/internal/runtime/logging/Loggable done
Event: 3.284 loading class jdk/nashorn/internal/codegen/CompilerConstants
Event: 3.284 loading class jdk/nashorn/internal/codegen/CompilerConstants done
Event: 3.284 Executing VM operation: GenCollectForAllocation
Event: 3.305 Executing VM operation: GenCollectForAllocation done
Event: 3.306 Executing VM operation: CollectForMetadataAllocation


Dynamic libraries:
0x01000000 - 0x01033000 	C:\Program Files (x86)\Arduino\java\bin\java.exe
0x779d0000 - 0x77b73000 	C:\WINDOWS\SYSTEM32\ntdll.dll
0x763a0000 - 0x76490000 	C:\WINDOWS\System32\KERNEL32.DLL
0x773a0000 - 0x775b4000 	C:\WINDOWS\System32\KERNELBASE.dll
0x75390000 - 0x7542f000 	C:\WINDOWS\SYSTEM32\apphelp.dll
0x776e0000 - 0x7775a000 	C:\WINDOWS\System32\ADVAPI32.dll
0x77200000 - 0x772bf000 	C:\WINDOWS\System32\msvcrt.dll
0x76fd0000 - 0x77045000 	C:\WINDOWS\System32\sechost.dll
0x75cb0000 - 0x75d6f000 	C:\WINDOWS\System32\RPCRT4.dll
0x75a90000 - 0x75c26000 	C:\WINDOWS\System32\USER32.dll
0x76ec0000 - 0x76ed8000 	C:\WINDOWS\System32\win32u.dll
0x75c80000 - 0x75ca3000 	C:\WINDOWS\System32\GDI32.dll
0x75920000 - 0x759fc000 	C:\WINDOWS\System32\gdi32full.dll
0x758a0000 - 0x7591b000 	C:\WINDOWS\System32\msvcp_win.dll
0x775c0000 - 0x776e0000 	C:\WINDOWS\System32\ucrtbase.dll
0x6f7f0000 - 0x6fa00000 	C:\WINDOWS\WinSxS\x86_microsoft.windows.common-controls_6595b64144ccf1df_6.0.19041.1110_none_a8625c1886757984\COMCTL32.dll
0x77050000 - 0x77075000 	C:\WINDOWS\System32\IMM32.DLL
0x757b0000 - 0x7586a000 	C:\Windows\System32\guard32.dll
0x757a0000 - 0x757a8000 	C:\WINDOWS\system32\version.dll
0x76ee0000 - 0x76fc3000 	C:\WINDOWS\System32\ole32.dll
0x76a40000 - 0x76cc1000 	C:\WINDOWS\System32\combase.dll
0x75790000 - 0x75798000 	C:\WINDOWS\system32\fltlib.dll
0x75de0000 - 0x76393000 	C:\WINDOWS\System32\shell32.dll
0x519c0000 - 0x51a7f000 	C:\Program Files (x86)\Arduino\java\bin\msvcr100.dll
0x51110000 - 0x514e3000 	C:\Program Files (x86)\Arduino\java\bin\client\jvm.dll
0x771f0000 - 0x771f6000 	C:\WINDOWS\System32\PSAPI.DLL
0x73030000 - 0x73038000 	C:\WINDOWS\SYSTEM32\WSOCK32.dll
0x75d70000 - 0x75dd3000 	C:\WINDOWS\System32\WS2_32.dll
0x75720000 - 0x75748000 	C:\WINDOWS\SYSTEM32\WINMM.dll
0x519b0000 - 0x519bc000 	C:\Program Files (x86)\Arduino\java\bin\verify.dll
0x51980000 - 0x519a2000 	C:\Program Files (x86)\Arduino\java\bin\java.dll
0x51960000 - 0x51974000 	C:\Program Files (x86)\Arduino\java\bin\zip.dll
0x720b0000 - 0x726b8000 	C:\WINDOWS\SYSTEM32\windows.storage.dll
0x72060000 - 0x72084000 	C:\WINDOWS\SYSTEM32\Wldp.dll
0x75a00000 - 0x75a87000 	C:\WINDOWS\System32\SHCORE.dll
0x75c30000 - 0x75c75000 	C:\WINDOWS\System32\shlwapi.dll
0x75430000 - 0x75448000 	C:\WINDOWS\SYSTEM32\profapi.dll
0x61940000 - 0x619b3000 	C:\Program Files (x86)\Arduino\lib\listSerialsj.dll
0x76490000 - 0x768cc000 	C:\WINDOWS\System32\SETUPAPI.dll
0x77850000 - 0x7788b000 	C:\WINDOWS\System32\cfgmgr32.dll
0x75880000 - 0x75899000 	C:\WINDOWS\System32\bcrypt.dll
0x51940000 - 0x5195d000 	C:\Program Files (x86)\Arduino\lib\jnidispatch-4.2.2-win32-x86.dll
0x51920000 - 0x51935000 	C:\Program Files (x86)\Arduino\java\bin\net.dll
0x73d80000 - 0x73dd2000 	C:\WINDOWS\system32\mswsock.dll
0x51910000 - 0x5191f000 	C:\Program Files (x86)\Arduino\java\bin\nio.dll
0x51900000 - 0x5190a000 	C:\Program Files (x86)\Arduino\java\bin\management.dll
0x6adb0000 - 0x6adc1000 	C:\WINDOWS\system32\napinsp.dll
0x6ad90000 - 0x6ada6000 	C:\WINDOWS\system32\pnrpnsp.dll
0x6ad80000 - 0x6ad90000 	C:\WINDOWS\system32\wshbth.dll
0x6ab70000 - 0x6ab86000 	C:\WINDOWS\system32\NLAapi.dll
0x74e00000 - 0x74e32000 	C:\WINDOWS\SYSTEM32\IPHLPAPI.DLL
0x726c0000 - 0x72751000 	C:\WINDOWS\SYSTEM32\DNSAPI.dll
0x76cd0000 - 0x76cd7000 	C:\WINDOWS\System32\NSI.dll
0x6ab60000 - 0x6ab6e000 	C:\WINDOWS\System32\winrnr.dll
0x6fdf0000 - 0x6fe48000 	C:\WINDOWS\System32\fwpuclnt.dll
0x6fe50000 - 0x6fe58000 	C:\Windows\System32\rasadhlp.dll
0x72090000 - 0x720a4000 	C:\WINDOWS\SYSTEM32\dhcpcsvc6.DLL
0x72040000 - 0x72056000 	C:\WINDOWS\SYSTEM32\dhcpcsvc.DLL
0x754e0000 - 0x754f3000 	C:\WINDOWS\SYSTEM32\CRYPTSP.dll
0x754b0000 - 0x754df000 	C:\WINDOWS\system32\rsaenh.dll
0x74060000 - 0x74085000 	C:\WINDOWS\SYSTEM32\USERENV.dll
0x777f0000 - 0x7784f000 	C:\WINDOWS\System32\bcryptprimitives.dll
0x754a0000 - 0x754aa000 	C:\WINDOWS\SYSTEM32\CRYPTBASE.dll
0x6a850000 - 0x6a9d8000 	C:\WINDOWS\SYSTEM32\dbghelp.dll

VM Arguments:
jvm_args: -Dsun.java2d.d3d=false -Djna.nosys=true -Djna.nounpack=true -Djna.boot.library.name=jnidispatch-4.2.2-win32-x86 -Djna.boot.library.path=C:\Program Files (x86)\Arduino/lib -Djssc.library.path=C:\Program Files (x86)\Arduino/lib -DAPP_DIR=C:\Program Files (x86)\Arduino -DDEBUG=true -Xms128M -Xmx512M -Dfile.encoding=UTF8 -Djava.net.preferIPv4Stack=true 
java_command: processing.app.Base --board arduino:avr:nano:cpu=atmega328old --upload --port COM3 --verbose-build c:\Network\IOT\GSM\GSM.ino
java_class_path (initial): C:\Program Files (x86)\Arduino\lib\apple.jar;C:\Program Files (x86)\Arduino\lib\arduino-core.jar;C:\Program Files (x86)\Arduino\lib\batik-1.8.jar;C:\Program Files (x86)\Arduino\lib\batik-anim-1.8.jar;C:\Program Files (x86)\Arduino\lib\batik-awt-util-1.8.jar;C:\Program Files (x86)\Arduino\lib\batik-bridge-1.8.jar;C:\Program Files (x86)\Arduino\lib\batik-codec-1.8.jar;C:\Program Files (x86)\Arduino\lib\batik-css-1.8.jar;C:\Program Files (x86)\Arduino\lib\batik-dom-1.8.jar;C:\Program Files (x86)\Arduino\lib\batik-ext-1.8.jar;C:\Program Files (x86)\Arduino\lib\batik-gvt-1.8.jar;C:\Program Files (x86)\Arduino\lib\batik-parser-1.8.jar;C:\Program Files (x86)\Arduino\lib\batik-rasterizer-1.8.jar;C:\Program Files (x86)\Arduino\lib\batik-script-1.8.jar;C:\Program Files (x86)\Arduino\lib\batik-squiggle-1.8.jar;C:\Program Files (x86)\Arduino\lib\batik-svg-dom-1.8.jar;C:\Program Files (x86)\Arduino\lib\batik-svgpp-1.8.jar;C:\Program Files (x86)\Arduino\lib\batik-transcoder-1.8.jar;C:\Program Files (x86)\Arduino\lib\batik-util-1.8.jar;C:\Program Files (x86)\Arduino\lib\batik-xml-1.8.jar;C:\Program Files (x86)\Arduino\lib\bcpg-jdk15on-152.jar;C:\Program Files (x86)\Arduino\lib\bcprov-jdk15on-152.jar;C:\Program Files (x86)\Arduino\lib\commons-codec-1.7.jar;C:\Program Files (x86)\Arduino\lib\commons-compress-1.8.jar;C:\Program Files (x86)\Arduino\lib\commons-exec-1.1.jar;C:\Program Files (x86)\Arduino\lib\commons-httpclient-3.1.jar;C:\Program Files (x86)\Arduino\lib\commons-lang3-3.8.1.jar;C:\Program Files (x86)\Arduino\lib\commons-logging-1.0.4.jar;C:\Program Files (x86)\Arduino\lib\commons-net-3.3.jar;C:\Program Files (x86)\Arduino\lib\commons-io-2.6.jar;C:\Program Files (x86)\Arduino\lib\jackson-annotations-2.9.5.jar;C:\Program Files (x86)\Arduino\lib\jackson-core-2.9.5.jar;C:\Program Files (x86)\Arduino\lib\jackson-databind-2.9.5.jar;C:\Program Files (x86)\Arduino\lib\java-semver-0.8.0.jar;C:\Program Files (x86)\Arduino\lib\jmdns-3.5.5.jar;C:\Program
Launcher Type: SUN_STANDARD

Environment Variables:
JAVA_HOME=C:\Program Files\Java\jdk1.8.0_261
PATH=C:\Program Files\AdoptOpenJDK\jdk-11.0.10.9-hotspot\bin;D:\Installs\oraclexe\app\oracle\product\11.2.0\server\bin;C:\ProgramData\Oracle\Java\javapath;C:\Python39\Scripts\;C:\Python39\;C:\Program Files (x86)\Common Files\Oracle\Java\javapath;C:\WINDOWS\system32;C:\WINDOWS;C:\WINDOWS\System32\Wbem;C:\WINDOWS\System32\WindowsPowerShell\v1.0\;C:\WINDOWS\System32\OpenSSH\;C:\Program Files (x86)\Intel\Intel(R) Management Engine Components\DAL;C:\Program Files\Intel\Intel(R) Management Engine Components\DAL;C:\Program Files (x86)\Microsoft SQL Server\150\Tools\Binn\;C:\Program Files\Microsoft SQL Server\150\Tools\Binn\;C:\Program Files (x86)\Microsoft SQL Server\150\DTS\Binn\;C:\Program Files\Microsoft SQL Server\150\DTS\Binn\;C:\Program Files\Microsoft SQL Server\Client SDK\ODBC\170\Tools\Binn\;C:\Program Files\PuTTY\;C:\Program Files\Microsoft VS Code\bin;C:\Program Files\dotnet\;C:\Program Files\Microsoft SQL Server\130\Tools\Binn\;C:\Program Files\nodejs\;C:\ProgramData\chocolatey\bin;C:\Program Files\PowerShell\7\;C:\PROGRA~2\PICC;C:\Program Files\Docker\Docker\resources\bin;C:\ProgramData\DockerDesktop\version-bin;C:\Program Files\Git\cmd;C:\Program Files\Git\mingw64\bin;C:\Program Files\Git\usr\bin;C:\Program Files\Java\jdk1.8.0_261\bin;C:\Users\Michael\AppData\Local\Microsoft\WindowsApps;C:\Program Files (x86)\Nmap;C:\Users\Michael\AppData\Roaming\npm;D:\Installs\wamp64\bin\php\php7.4.9;D:\Installs\wamp64\bin\apache\apache2.4.46\bin;C:\Users\Michael\.dotnet\tools;C:\Users\Michael\AppData\Local\Microsoft\WindowsApps;C:\Users\Michael\AppData\Local\GitHubDesktop\bin;C:\Program Files\Java\jdk1.8.0_261\bin;C:\Users\Michael\.dotnet\tools;C:\Program Files (x86)\Arduino\java\bin
USERNAME=Michael
OS=Windows_NT
PROCESSOR_IDENTIFIER=Intel64 Family 6 Model 158 Stepping 10, GenuineIntel



---------------  S Y S T E M  ---------------

OS: Windows 10.0 , 64 bit Build 19041 (10.0.19041.1151)

CPU:total 6 (initial active 6) (6 cores per cpu, 1 threads per core) family 6 model 158 stepping 10, cmov, cx8, fxsr, mmx, sse, sse2, sse3, ssse3, sse4.1, sse4.2, popcnt, avx, avx2, aes, clmul, erms, rtm, 3dnowpref, lzcnt, tsc, tscinvbit, bmi1, bmi2, adx

Memory: 4k page, physical 16612820k(6436672k free), swap 22379988k(4958144k free)

vm_info: Java HotSpot(TM) Client VM (25.191-b12) for windows-x86 JRE (1.8.0_191-b12), built on Oct  6 2018 08:34:23 by "java_re" with MS VC++ 10.0 (VS2010)

time: Wed May 11 20:03:07 2022
elapsed time: 3 seconds (0d 0h 0m 3s)

